<?xml version="1.0" encoding="UTF-8"?>
<!-- Generated by org.testng.reporters.JUnitReportReporter -->
<testsuite skipped="0" hostname="DESKTOP" name="com.TestNG.Flipcartfilter" tests="3" failures="0" timestamp="2020-11-30T22:16:37 EST" time="9.249" errors="0">
  <testcase name="searchproduct" time="6.308" classname="com.TestNG.Flipcartfilter"/>
  <system-out/>
  <testcase name="printDetails" time="0.169" classname="com.TestNG.Flipcartfilter"/>
  <system-out/>
  <testcase name="screenShot" time="2.772" classname="com.TestNG.Flipcartfilter"/>
  <system-out/>
</testsuite> <!-- com.TestNG.Flipcartfilter -->
