<?xml version="1.0" encoding="UTF-8"?>
<!-- Generated by org.testng.reporters.JUnitReportReporter -->
<testsuite hostname="DESKTOP" failures="0" tests="3" name="com.TestNG.Parrellelexecution" time="0.028" errors="0" timestamp="2020-11-25T14:45:04 EST" skipped="0">
  <testcase classname="com.TestNG.Parrellelexecution" name="testcase3" time="0.009"/>
  <system-out/>
  <testcase classname="com.TestNG.Parrellelexecution" name="testcase1" time="0.013"/>
  <system-out/>
  <testcase classname="com.TestNG.Parrellelexecution" name="testcase2" time="0.006"/>
  <system-out/>
</testsuite> <!-- com.TestNG.Parrellelexecution -->
