<?xml version="1.0" encoding="UTF-8"?>
<!-- Generated by org.testng.reporters.JUnitReportReporter -->
<testsuite skipped="0" hostname="DESKTOP" name="com.TestNG.MouseHandling" tests="1" failures="0" timestamp="2020-11-30T19:56:02 EST" time="2.644" errors="0">
  <testcase name="loginApp" time="2.644" classname="com.TestNG.MouseHandling"/>
  <system-out/>
</testsuite> <!-- com.TestNG.MouseHandling -->
