<?xml version="1.0" encoding="UTF-8"?>
<!-- Generated by org.testng.reporters.JUnitReportReporter -->
<testsuite skipped="0" hostname="DESKTOP" name="com.TestNG.Flipcart" tests="2" failures="0" timestamp="2020-11-27T23:10:41 EST" time="9.408" errors="0">
  <testcase name="searchproduct" time="5.271" classname="com.TestNG.Flipcart"/>
  <system-out/>
  <testcase name="productName" time="4.137" classname="com.TestNG.Flipcart"/>
  <system-out/>
</testsuite> <!-- com.TestNG.Flipcart -->
