<?xml version="1.0" encoding="UTF-8"?>
<!-- Generated by org.testng.reporters.JUnitReportReporter -->
<testsuite skipped="0" hostname="DESKTOP" name="com.TestNG.Sampletestcase" tests="3" failures="0" timestamp="2020-11-25T16:23:20 EST" time="0.017" errors="0">
  <testcase name="testcase3" time="0.006" classname="com.TestNG.Sampletestcase"/>
  <system-out/>
  <testcase name="testcase2" time="0.002" classname="com.TestNG.Sampletestcase"/>
  <system-out/>
  <testcase name="testcase1" time="0.009" classname="com.TestNG.Sampletestcase"/>
  <system-out/>
</testsuite> <!-- com.TestNG.Sampletestcase -->
