<?xml version="1.0" encoding="UTF-8"?>
<!-- Generated by org.testng.reporters.JUnitReportReporter -->
<testsuite skipped="0" hostname="DESKTOP" name="com.TestNG.Dependsongroup" tests="2" failures="0" timestamp="2020-11-26T12:41:30 EST" time="0.019" errors="0">
  <testcase name="testcase1" time="0.017" classname="com.TestNG.Dependsongroup"/>
  <system-out/>
  <testcase name="testcase2" time="0.002" classname="com.TestNG.Dependsongroup"/>
  <system-out/>
</testsuite> <!-- com.TestNG.Dependsongroup -->
