<?xml version="1.0" encoding="UTF-8"?>
<!-- Generated by org.testng.reporters.JUnitReportReporter -->
<testsuite skipped="0" hostname="DESKTOP" name="com.TestNG.C2TaDataprovider" tests="5" failures="0" timestamp="2020-11-27T11:38:18 EST" time="68.963" errors="0">
  <testcase name="c2Talogin" time="14.070" classname="com.TestNG.C2TaDataprovider"/>
  <system-out/>
  <testcase name="c2Talogin" time="13.089" classname="com.TestNG.C2TaDataprovider"/>
  <system-out/>
  <testcase name="c2Talogin" time="12.500" classname="com.TestNG.C2TaDataprovider"/>
  <system-out/>
  <testcase name="c2Talogin" time="17.529" classname="com.TestNG.C2TaDataprovider"/>
  <system-out/>
  <testcase name="c2Talogin" time="11.775" classname="com.TestNG.C2TaDataprovider"/>
  <system-out/>
</testsuite> <!-- com.TestNG.C2TaDataprovider -->
