<?xml version="1.0" encoding="UTF-8"?>
<!-- Generated by org.testng.reporters.JUnitReportReporter -->
<testsuite skipped="0" hostname="DESKTOP" name="com.TestNG.C2TaDataprovider" tests="5" failures="0" timestamp="2020-11-26T22:28:19 EST" time="66.800" errors="0">
  <testcase name="c2Talogin" time="13.630" classname="com.TestNG.C2TaDataprovider"/>
  <system-out/>
  <testcase name="c2Talogin" time="16.990" classname="com.TestNG.C2TaDataprovider"/>
  <system-out/>
  <testcase name="c2Talogin" time="11.781" classname="com.TestNG.C2TaDataprovider"/>
  <system-out/>
  <testcase name="c2Talogin" time="11.477" classname="com.TestNG.C2TaDataprovider"/>
  <system-out/>
  <testcase name="c2Talogin" time="12.922" classname="com.TestNG.C2TaDataprovider"/>
  <system-out/>
</testsuite> <!-- com.TestNG.C2TaDataprovider -->
