<?xml version="1.0" encoding="UTF-8"?>
<!-- Generated by org.testng.reporters.JUnitReportReporter -->
<testsuite skipped="0" hostname="DESKTOP" name="com.TestNG.MakemytripNewTest" tests="1" failures="0" timestamp="2020-11-30T11:44:28 EST" time="1.312" errors="0">
  <testcase name="searchPlaceAndDate" time="1.312" classname="com.TestNG.MakemytripNewTest"/>
  <system-out/>
</testsuite> <!-- com.TestNG.MakemytripNewTest -->
