<?xml version="1.0" encoding="UTF-8"?>
<!-- Generated by org.testng.reporters.JUnitReportReporter -->
<testsuite skipped="0" hostname="DESKTOP" name="com.TestNG.Dependsongroup" tests="3" failures="0" timestamp="2020-11-27T10:41:52 EST" time="0.018" errors="0">
  <testcase name="testcase2" time="0.002" classname="com.TestNG.Dependsongroup"/>
  <system-out/>
  <testcase name="testcase3" time="0.003" classname="com.TestNG.Dependsongroup"/>
  <system-out/>
  <testcase name="testcase1" time="0.013" classname="com.TestNG.Dependsongroup"/>
  <system-out/>
</testsuite> <!-- com.TestNG.Dependsongroup -->
