<?xml version="1.0" encoding="UTF-8"?>
<!-- Generated by org.testng.reporters.JUnitReportReporter -->
<testsuite skipped="0" hostname="DESKTOP" name="com.TestNG.Crossbrowser" tests="2" failures="0" timestamp="2020-11-26T22:54:39 EST" time="3.605" errors="0">
  <testcase name="facebook" time="1.624" classname="com.TestNG.Crossbrowser"/>
  <system-out/>
  <testcase name="facebook" time="1.981" classname="com.TestNG.Crossbrowser"/>
  <system-out/>
</testsuite> <!-- com.TestNG.Crossbrowser -->
