<?xml version="1.0" encoding="UTF-8"?>
<!-- Generated by org.testng.reporters.JUnitReportReporter -->
<testsuite skipped="0" hostname="DESKTOP" name="com.TestNG.Orangehrmlogin" tests="1" failures="0" timestamp="2020-11-25T17:14:22 EST" time="1.604" errors="0">
  <testcase name="loginApp" time="1.604" classname="com.TestNG.Orangehrmlogin"/>
  <system-out/>
</testsuite> <!-- com.TestNG.Orangehrmlogin -->
