<?xml version="1.0" encoding="UTF-8"?>
<!-- Generated by org.testng.reporters.JUnitReportReporter -->
<testsuite hostname="DESKTOP" failures="0" tests="3" name="com.TestNG.ParellelExecution1" time="0.018" errors="0" timestamp="2020-11-25T14:45:04 EST" skipped="0">
  <testcase classname="com.TestNG.ParellelExecution1" name="testcase5" time="0.002"/>
  <system-out/>
  <testcase classname="com.TestNG.ParellelExecution1" name="testcase4" time="0.012"/>
  <system-out/>
  <testcase classname="com.TestNG.ParellelExecution1" name="testcase6" time="0.004"/>
  <system-out/>
</testsuite> <!-- com.TestNG.ParellelExecution1 -->
