<?xml version="1.0" encoding="UTF-8"?>
<!-- Generated by org.testng.reporters.JUnitReportReporter -->
<testsuite skipped="0" hostname="DESKTOP" name="com.TestNG.ClickAndHold" tests="1" failures="0" timestamp="2020-11-30T19:52:35 EST" time="11.561" errors="0">
  <testcase name="launchApp" time="11.561" classname="com.TestNG.ClickAndHold"/>
  <system-out/>
</testsuite> <!-- com.TestNG.ClickAndHold -->
