<?xml version="1.0" encoding="UTF-8"?>
<!-- Generated by org.testng.reporters.JUnitReportReporter -->
<testsuite skipped="0" hostname="DESKTOP" name="com.TestNG.C2Ta" tests="1" failures="0" timestamp="2020-11-26T22:22:55 EST" time="11.382" errors="0">
  <testcase name="loginApp" time="11.382" classname="com.TestNG.C2Ta"/>
  <system-out/>
</testsuite> <!-- com.TestNG.C2Ta -->
